JvmtiExport can_access_local_variables 0
JvmtiExport can_hotswap_or_post_breakpoint 0
JvmtiExport can_post_on_exceptions 0
# 157 ciObject found
instanceKlass org/h2/mvstore/Page$NonLeaf
ciInstanceKlass java/lang/Cloneable 1 0 7 100 1 100 1 1 1
instanceKlass org/eclipse/jetty/server/handler/ErrorHandler$1
instanceKlass sun/nio/cs/Surrogate
instanceKlass sun/nio/cs/Surrogate$Parser
instanceKlass org/eclipse/jetty/http/QuotedCSVParser
instanceKlass org/eclipse/jetty/server/HttpChannel$ErrorDispatchable
instanceKlass org/eclipse/jetty/server/Response$1
instanceKlass com/sismics/docs/core/dao/criteria/MetadataCriteria
instanceKlass com/sismics/docs/core/dao/MetadataDao
instanceKlass com/sismics/docs/core/dao/DocumentMetadataDao
instanceKlass com/sismics/docs/core/util/MetadataUtil
instanceKlass com/sismics/docs/core/dao/criteria/RouteStepCriteria
instanceKlass com/sismics/docs/core/dao/RouteStepDao
instanceKlass com/sismics/docs/core/dao/RelationDao
instanceKlass com/sismics/docs/core/dao/dto/ContributorDto
instanceKlass com/sismics/docs/core/dao/ContributorDao
instanceKlass com/sismics/docs/core/util/FileUtil
instanceKlass com/sismics/docs/core/dao/dto/AclDto
instanceKlass com/sismics/docs/core/dao/CommentDao
instanceKlass com/sismics/rest/util/RestUtil
instanceKlass com/sismics/rest/util/AclUtil
instanceKlass org/bouncycastle/jcajce/provider/symmetric/util/BaseBlockCipher$AEADGenericBlockCipher
instanceKlass org/bouncycastle/jcajce/PBKDF1Key
instanceKlass org/bouncycastle/jcajce/PKCS12Key
instanceKlass org/bouncycastle/jcajce/PBKDFKey
instanceKlass org/bouncycastle/crypto/prng/SP800SecureRandomBuilder$HashDRBGProvider
instanceKlass org/bouncycastle/crypto/prng/BasicEntropySourceProvider$1
instanceKlass org/bouncycastle/crypto/prng/BasicEntropySourceProvider
instanceKlass org/bouncycastle/jcajce/provider/drbg/DRBG$HybridSecureRandom$SignallingEntropySource$EntropyGatherer
instanceKlass org/bouncycastle/crypto/prng/drbg/Utils
instanceKlass org/bouncycastle/crypto/prng/drbg/HMacSP800DRBG
instanceKlass org/bouncycastle/crypto/prng/drbg/SP80090DRBG
instanceKlass org/bouncycastle/crypto/prng/SP800SecureRandomBuilder$HMacDRBGProvider
instanceKlass org/bouncycastle/jcajce/provider/drbg/DRBG$HybridSecureRandom$SignallingEntropySource
instanceKlass org/bouncycastle/util/Integers
instanceKlass org/bouncycastle/crypto/macs/HMac
instanceKlass org/bouncycastle/crypto/prng/EntropySource
instanceKlass org/bouncycastle/jcajce/provider/drbg/DRBG$HybridSecureRandom$1
instanceKlass org/bouncycastle/crypto/prng/DRBGProvider
instanceKlass org/bouncycastle/crypto/prng/SP800SecureRandomBuilder
instanceKlass java/security/SecureRandom$StrongPatternHolder
instanceKlass java/security/SecureRandom$1
instanceKlass org/bouncycastle/jcajce/provider/drbg/DRBG$2
instanceKlass org/bouncycastle/jcajce/provider/drbg/DRBG$1
instanceKlass org/bouncycastle/crypto/Mac
instanceKlass org/bouncycastle/crypto/prng/EntropySourceProvider
instanceKlass org/bouncycastle/crypto/StreamBlockCipher
instanceKlass org/bouncycastle/crypto/SkippingStreamCipher
instanceKlass org/bouncycastle/crypto/SkippingCipher
instanceKlass org/bouncycastle/crypto/StreamCipher
instanceKlass org/bouncycastle/crypto/engines/DSTU7624Engine
instanceKlass org/bouncycastle/crypto/paddings/PKCS7Padding
instanceKlass org/bouncycastle/jcajce/provider/symmetric/util/BaseBlockCipher$BufferedGenericBlockCipher
instanceKlass org/bouncycastle/crypto/engines/AESEngine
instanceKlass org/bouncycastle/jcajce/spec/GOST28147ParameterSpec
instanceKlass org/bouncycastle/jcajce/util/ProviderJcaJceHelper
instanceKlass javax/crypto/spec/RC5ParameterSpec
instanceKlass javax/crypto/spec/RC2ParameterSpec
instanceKlass javax/crypto/spec/PBEParameterSpec
instanceKlass org/bouncycastle/jcajce/spec/GOST28147WrapParameterSpec
instanceKlass org/bouncycastle/jcajce/provider/symmetric/AES$ECB$1
instanceKlass javax/crypto/spec/GCMParameterSpec
instanceKlass org/bouncycastle/jcajce/provider/symmetric/util/BlockCipherProvider
instanceKlass org/bouncycastle/crypto/params/RC5Parameters
instanceKlass org/bouncycastle/crypto/params/ParametersWithSBox
instanceKlass javax/crypto/spec/IvParameterSpec
instanceKlass org/bouncycastle/crypto/params/AEADParameters
instanceKlass org/bouncycastle/crypto/fpe/FPEEngine
instanceKlass org/bouncycastle/crypto/BlockCipher
instanceKlass org/bouncycastle/crypto/paddings/BlockCipherPadding
instanceKlass org/bouncycastle/crypto/BufferedBlockCipher
instanceKlass org/bouncycastle/crypto/modes/AEADCipher
instanceKlass org/bouncycastle/jcajce/provider/symmetric/util/BaseBlockCipher$GenericBlockCipher
instanceKlass org/bouncycastle/jcajce/util/JcaJceHelper
instanceKlass org/bouncycastle/jcajce/provider/symmetric/util/BCPBEKey
instanceKlass javax/crypto/interfaces/PBEKey
instanceKlass org/bouncycastle/crypto/params/KeyParameter
instanceKlass org/bouncycastle/crypto/params/ParametersWithIV
instanceKlass org/bouncycastle/util/Pack
instanceKlass org/bouncycastle/crypto/util/DigestFactory$12
instanceKlass org/bouncycastle/crypto/util/DigestFactory$11
instanceKlass org/bouncycastle/crypto/Xof
instanceKlass org/bouncycastle/crypto/util/DigestFactory$10
instanceKlass org/bouncycastle/crypto/util/DigestFactory$9
instanceKlass org/bouncycastle/crypto/util/DigestFactory$8
instanceKlass org/bouncycastle/crypto/util/DigestFactory$7
instanceKlass org/bouncycastle/crypto/digests/KeccakDigest
instanceKlass org/bouncycastle/crypto/util/DigestFactory$6
instanceKlass org/bouncycastle/crypto/util/DigestFactory$5
instanceKlass org/bouncycastle/crypto/digests/LongDigest
instanceKlass org/bouncycastle/crypto/util/DigestFactory$4
instanceKlass org/bouncycastle/crypto/util/DigestFactory$3
instanceKlass org/bouncycastle/crypto/util/DigestFactory$2
instanceKlass org/bouncycastle/crypto/util/DigestFactory$1
instanceKlass org/bouncycastle/crypto/util/DigestFactory$Cloner
instanceKlass org/bouncycastle/crypto/digests/GeneralDigest
instanceKlass org/bouncycastle/util/Memoable
instanceKlass org/bouncycastle/crypto/ExtendedDigest
instanceKlass org/bouncycastle/crypto/digests/EncodableDigest
instanceKlass org/bouncycastle/crypto/util/DigestFactory
instanceKlass org/bouncycastle/crypto/PBEParametersGenerator
instanceKlass org/bouncycastle/jcajce/provider/symmetric/util/PBE$Util
instanceKlass javax/crypto/SecretKeyFactorySpi
instanceKlass org/bouncycastle/jcajce/provider/symmetric/util/PBE
instanceKlass javax/crypto/SecretKeyFactory
instanceKlass javax/crypto/spec/PBEKeySpec
instanceKlass org/bouncycastle/asn1/isara/IsaraObjectIdentifiers
instanceKlass org/bouncycastle/pqc/asn1/PQCObjectIdentifiers
instanceKlass org/bouncycastle/crypto/Digest
instanceKlass org/bouncycastle/jcajce/provider/drbg/DRBG
instanceKlass org/bouncycastle/util/encoders/HexEncoder
instanceKlass org/bouncycastle/util/encoders/Encoder
instanceKlass org/bouncycastle/util/encoders/Hex
instanceKlass org/bouncycastle/asn1/edec/EdECObjectIdentifiers
instanceKlass org/bouncycastle/asn1/x509/X509ObjectIdentifiers
instanceKlass org/bouncycastle/jcajce/provider/asymmetric/RSA
instanceKlass org/bouncycastle/internal/asn1/eac/EACObjectIdentifiers
instanceKlass org/bouncycastle/internal/asn1/cms/CMSObjectIdentifiers
instanceKlass org/bouncycastle/util/Properties$2
instanceKlass org/bouncycastle/util/Properties$1
instanceKlass org/bouncycastle/util/Properties
instanceKlass org/bouncycastle/internal/asn1/bsi/BSIObjectIdentifiers
instanceKlass org/bouncycastle/asn1/sec/SECObjectIdentifiers
instanceKlass org/bouncycastle/jcajce/provider/asymmetric/EC
instanceKlass org/bouncycastle/jcajce/provider/asymmetric/DH
instanceKlass org/bouncycastle/asn1/x9/X9ObjectIdentifiers
instanceKlass org/bouncycastle/jcajce/provider/asymmetric/dsa/DSAUtil
instanceKlass org/bouncycastle/crypto/params/AsymmetricKeyParameter
instanceKlass org/bouncycastle/crypto/CipherParameters
instanceKlass org/bouncycastle/jcajce/provider/asymmetric/COMPOSITE
instanceKlass org/bouncycastle/jcajce/provider/asymmetric/COMPOSITE$CompositeKeyInfoConverter
instanceKlass org/bouncycastle/jcajce/provider/symmetric/Zuc
instanceKlass org/bouncycastle/jcajce/provider/symmetric/GOST3412_2015
instanceKlass org/bouncycastle/jcajce/provider/symmetric/DSTU7624
instanceKlass org/bouncycastle/jcajce/provider/symmetric/OpenSSLPBKDF
instanceKlass org/bouncycastle/jcajce/provider/symmetric/XSalsa20
instanceKlass org/bouncycastle/jcajce/provider/symmetric/XTEA
instanceKlass org/bouncycastle/jcajce/provider/symmetric/VMPCKSA3
instanceKlass org/bouncycastle/jcajce/provider/symmetric/VMPC
instanceKlass org/bouncycastle/jcajce/provider/symmetric/Threefish
instanceKlass org/bouncycastle/jcajce/provider/symmetric/Twofish
instanceKlass org/bouncycastle/jcajce/provider/symmetric/TEA
instanceKlass org/bouncycastle/jcajce/provider/symmetric/SM4
instanceKlass org/bouncycastle/jcajce/provider/symmetric/Skipjack
instanceKlass org/bouncycastle/jcajce/provider/symmetric/Shacal2
instanceKlass org/bouncycastle/asn1/gnu/GNUObjectIdentifiers
instanceKlass org/bouncycastle/jcajce/provider/symmetric/Serpent
instanceKlass org/bouncycastle/asn1/kisa/KISAObjectIdentifiers
instanceKlass org/bouncycastle/jcajce/provider/symmetric/SEED
instanceKlass org/bouncycastle/jcajce/provider/symmetric/Salsa20
instanceKlass org/bouncycastle/jcajce/provider/symmetric/Rijndael
instanceKlass org/bouncycastle/jcajce/provider/symmetric/RC6
instanceKlass org/bouncycastle/jcajce/provider/symmetric/RC5
instanceKlass org/bouncycastle/jcajce/provider/symmetric/RC2
instanceKlass org/bouncycastle/jcajce/provider/symmetric/Noekeon
instanceKlass org/bouncycastle/jcajce/provider/symmetric/IDEA
instanceKlass org/bouncycastle/jcajce/provider/symmetric/HC256
instanceKlass org/bouncycastle/jcajce/provider/symmetric/HC128
instanceKlass org/bouncycastle/jcajce/provider/symmetric/Grain128
instanceKlass org/bouncycastle/jcajce/provider/symmetric/Grainv1
instanceKlass org/bouncycastle/jcajce/provider/symmetric/GOST28147
instanceKlass org/bouncycastle/jcajce/provider/symmetric/DESede
instanceKlass org/bouncycastle/jcajce/provider/symmetric/DES
instanceKlass org/bouncycastle/jcajce/provider/symmetric/ChaCha
instanceKlass org/bouncycastle/jcajce/provider/symmetric/CAST6
instanceKlass org/bouncycastle/jcajce/provider/symmetric/CAST5
instanceKlass org/bouncycastle/asn1/ntt/NTTObjectIdentifiers
instanceKlass org/bouncycastle/jcajce/provider/symmetric/Camellia
instanceKlass org/bouncycastle/jcajce/provider/symmetric/Blowfish
instanceKlass org/bouncycastle/asn1/nsri/NSRIObjectIdentifiers
instanceKlass org/bouncycastle/jcajce/provider/symmetric/ARIA
instanceKlass org/bouncycastle/jcajce/provider/symmetric/ARC4
instanceKlass org/bouncycastle/asn1/bc/BCObjectIdentifiers
instanceKlass org/bouncycastle/jcajce/provider/symmetric/AES
instanceKlass org/bouncycastle/jcajce/provider/symmetric/Poly1305
instanceKlass org/bouncycastle/jcajce/provider/symmetric/SipHash128
instanceKlass org/bouncycastle/jcajce/provider/symmetric/SipHash
instanceKlass org/bouncycastle/jcajce/provider/symmetric/SCRYPT
instanceKlass org/bouncycastle/jcajce/provider/symmetric/TLSKDF
instanceKlass org/bouncycastle/jcajce/provider/symmetric/PBEPKCS12
instanceKlass org/bouncycastle/jcajce/provider/symmetric/PBEPBKDF2
instanceKlass org/bouncycastle/jcajce/provider/symmetric/PBEPBKDF1
instanceKlass org/bouncycastle/jcajce/provider/digest/Haraka
instanceKlass org/bouncycastle/asn1/ua/UAObjectIdentifiers
instanceKlass org/bouncycastle/jcajce/provider/digest/DSTU7564
instanceKlass org/bouncycastle/jcajce/provider/digest/Blake2s
instanceKlass org/bouncycastle/asn1/misc/MiscObjectIdentifiers
instanceKlass org/bouncycastle/jcajce/provider/digest/Blake2b
instanceKlass org/bouncycastle/asn1/iso/ISOIECObjectIdentifiers
instanceKlass org/bouncycastle/jcajce/provider/digest/Whirlpool
instanceKlass org/bouncycastle/jcajce/provider/digest/Tiger
instanceKlass org/bouncycastle/asn1/gm/GMObjectIdentifiers
instanceKlass org/bouncycastle/jcajce/provider/digest/SM3
instanceKlass org/bouncycastle/jcajce/provider/digest/Skein
instanceKlass org/bouncycastle/jcajce/provider/digest/SHA3
instanceKlass org/bouncycastle/jcajce/provider/digest/SHA512
instanceKlass org/bouncycastle/jcajce/provider/digest/SHA384
instanceKlass org/bouncycastle/jcajce/provider/digest/SHA256
instanceKlass org/bouncycastle/asn1/nist/NISTObjectIdentifiers
instanceKlass org/bouncycastle/jcajce/provider/digest/SHA224
instanceKlass org/bouncycastle/jcajce/provider/digest/RIPEMD320
instanceKlass org/bouncycastle/jcajce/provider/digest/RIPEMD256
instanceKlass org/bouncycastle/jcajce/provider/digest/RIPEMD160
instanceKlass org/bouncycastle/asn1/teletrust/TeleTrusTObjectIdentifiers
instanceKlass org/bouncycastle/jcajce/provider/digest/RIPEMD128
instanceKlass org/bouncycastle/asn1/oiw/OIWObjectIdentifiers
instanceKlass org/bouncycastle/jcajce/provider/digest/SHA1
instanceKlass org/bouncycastle/asn1/iana/IANAObjectIdentifiers
instanceKlass org/bouncycastle/jcajce/provider/digest/MD5
instanceKlass org/bouncycastle/jcajce/provider/digest/MD4
instanceKlass org/bouncycastle/util/Arrays
instanceKlass org/bouncycastle/asn1/OIDTokenizer
instanceKlass org/bouncycastle/asn1/ASN1ObjectIdentifier$OidHandle
instanceKlass org/bouncycastle/asn1/pkcs/PKCSObjectIdentifiers
instanceKlass org/bouncycastle/jcajce/provider/digest/MD2
instanceKlass org/bouncycastle/jcajce/provider/digest/Keccak
instanceKlass org/bouncycastle/asn1/rosstandart/RosstandartObjectIdentifiers
instanceKlass org/bouncycastle/asn1/ASN1Tag
instanceKlass org/bouncycastle/asn1/ASN1Type
instanceKlass org/bouncycastle/asn1/ASN1Object
instanceKlass org/bouncycastle/util/Encodable
instanceKlass org/bouncycastle/asn1/ASN1Encodable
instanceKlass org/bouncycastle/asn1/cryptopro/CryptoProObjectIdentifiers
instanceKlass java/security/Provider$1
instanceKlass org/bouncycastle/jcajce/provider/digest/GOST3411
instanceKlass org/bouncycastle/jcajce/provider/util/AlgorithmProvider
instanceKlass org/bouncycastle/jce/provider/BouncyCastleProvider$1
instanceKlass java/security/cert/PKIXCertPathChecker
instanceKlass java/security/cert/CertPathChecker
instanceKlass org/bouncycastle/jcajce/provider/symmetric/util/ClassUtil
instanceKlass org/bouncycastle/util/Strings$1
instanceKlass org/bouncycastle/util/StringList
instanceKlass org/bouncycastle/util/Iterable
instanceKlass org/bouncycastle/util/Strings
instanceKlass javax/crypto/spec/DHParameterSpec
instanceKlass org/bouncycastle/jce/provider/BouncyCastleProviderConfiguration
instanceKlass org/bouncycastle/jcajce/provider/config/ProviderConfiguration
instanceKlass org/bouncycastle/jcajce/provider/util/AsymmetricKeyInfoConverter
instanceKlass org/bouncycastle/jcajce/provider/config/ConfigurableProvider
instanceKlass java/security/cert/CertPathValidatorException$Reason
instanceKlass java/security/spec/DSAParameterSpec
instanceKlass java/security/interfaces/DSAParams
instanceKlass java/security/interfaces/DSAPrivateKey
instanceKlass java/security/Timestamp
instanceKlass sun/security/timestamp/TimestampToken
instanceKlass sun/security/pkcs/ESSCertId
instanceKlass sun/security/pkcs/SigningCertificateInfo
instanceKlass sun/security/pkcs/PKCS9Attributes
instanceKlass java/security/interfaces/DSAPublicKey
instanceKlass java/security/interfaces/DSAKey
instanceKlass java/security/spec/DSAPublicKeySpec
instanceKlass com/sismics/docs/core/util/EncryptionUtil
instanceKlass com/sismics/docs/core/dao/AclDao
instanceKlass com/google/common/primitives/IntsMethodsForWeb
instanceKlass java/util/Collections$UnmodifiableMap$UnmodifiableEntrySet$UnmodifiableEntrySetSpliterator
instanceKlass org/hibernate/sql/ast/tree/expression/Summarization
instanceKlass org/hibernate/sql/ast/tree/expression/Distinct
instanceKlass org/hibernate/sql/ast/tree/expression/SqlSelectionExpression
instanceKlass org/hibernate/query/sqm/SqmTreeTransformationLogger
instanceKlass org/hibernate/query/sqm/function/SelfRenderingFunctionSqlAstExpression
instanceKlass org/hibernate/sql/ast/tree/expression/SelfRenderingExpression
instanceKlass org/hibernate/sql/ast/tree/expression/AggregateFunctionExpression
instanceKlass org/hibernate/sql/ast/tree/expression/FunctionExpression
instanceKlass org/hibernate/sql/ast/tree/expression/Star
instanceKlass org/hibernate/query/sqm/function/SelfRenderingSqmFunction$FunctionArgumentTypeResolverTypeAccess
instanceKlass org/hibernate/query/hql/internal/SemanticQueryBuilder$7
instanceKlass org/apache/